<?xml version="1.0" encoding="UTF-8"?>
<testsuite xmlns:xsi="http://www.w3.org/2001/XMLSchema-instance" xsi:noNamespaceSchemaLocation="https://maven.apache.org/surefire/maven-surefire-plugin/xsd/surefire-test-report.xsd" name="sale.ljw.CreateJWTTest" time="32.188" tests="2" errors="0" skipped="0" failures="0">
  <properties>
    <property name="sun.desktop" value="windows"/>
    <property name="awt.toolkit" value="sun.awt.windows.WToolkit"/>
    <property name="file.encoding.pkg" value="sun.io"/>
    <property name="java.specification.version" value="1.8"/>
    <property name="sun.cpu.isalist" value="amd64"/>
    <property name="sun.jnu.encoding" value="GBK"/>
    <property name="java.class.path" value="E:\我的桌面\毕业设计\zxm\libraryManage\librarySystemPatient\api-gateway-server\target\test-classes;E:\我的桌面\毕业设计\zxm\libraryManage\librarySystemPatient\api-gateway-server\target\classes;F:\Maven\repository\org\springframework\cloud\spring-cloud-starter-gateway\3.1.4\spring-cloud-starter-gateway-3.1.4.jar;F:\Maven\repository\org\springframework\cloud\spring-cloud-starter\3.1.4\spring-cloud-starter-3.1.4.jar;F:\Maven\repository\org\springframework\cloud\spring-cloud-context\3.1.4\spring-cloud-context-3.1.4.jar;F:\Maven\repository\org\springframework\security\spring-security-crypto\5.7.3\spring-security-crypto-5.7.3.jar;F:\Maven\repository\org\springframework\cloud\spring-cloud-commons\3.1.4\spring-cloud-commons-3.1.4.jar;F:\Maven\repository\org\springframework\security\spring-security-rsa\1.0.11.RELEASE\spring-security-rsa-1.0.11.RELEASE.jar;F:\Maven\repository\org\springframework\cloud\spring-cloud-gateway-server\3.1.4\spring-cloud-gateway-server-3.1.4.jar;F:\Maven\repository\io\projectreactor\addons\reactor-extra\3.4.8\reactor-extra-3.4.8.jar;F:\Maven\repository\org\springframework\boot\spring-boot-starter-webflux\2.7.4\spring-boot-starter-webflux-2.7.4.jar;F:\Maven\repository\org\springframework\boot\spring-boot-starter-json\2.7.4\spring-boot-starter-json-2.7.4.jar;F:\Maven\repository\com\fasterxml\jackson\datatype\jackson-datatype-jdk8\2.13.4\jackson-datatype-jdk8-2.13.4.jar;F:\Maven\repository\com\fasterxml\jackson\datatype\jackson-datatype-jsr310\2.13.4\jackson-datatype-jsr310-2.13.4.jar;F:\Maven\repository\com\fasterxml\jackson\module\jackson-module-parameter-names\2.13.4\jackson-module-parameter-names-2.13.4.jar;F:\Maven\repository\org\springframework\boot\spring-boot-starter-reactor-netty\2.7.4\spring-boot-starter-reactor-netty-2.7.4.jar;F:\Maven\repository\io\projectreactor\netty\reactor-netty-http\1.0.23\reactor-netty-http-1.0.23.jar;F:\Maven\repository\io\netty\netty-codec-http\4.1.82.Final\netty-codec-http-4.1.82.Final.jar;F:\Maven\repository\io\netty\netty-codec-http2\4.1.82.Final\netty-codec-http2-4.1.82.Final.jar;F:\Maven\repository\io\netty\netty-resolver-dns\4.1.82.Final\netty-resolver-dns-4.1.82.Final.jar;F:\Maven\repository\io\netty\netty-codec-dns\4.1.82.Final\netty-codec-dns-4.1.82.Final.jar;F:\Maven\repository\io\netty\netty-resolver-dns-native-macos\4.1.82.Final\netty-resolver-dns-native-macos-4.1.82.Final-osx-x86_64.jar;F:\Maven\repository\io\netty\netty-resolver-dns-classes-macos\4.1.82.Final\netty-resolver-dns-classes-macos-4.1.82.Final.jar;F:\Maven\repository\io\netty\netty-transport-native-epoll\4.1.82.Final\netty-transport-native-epoll-4.1.82.Final-linux-x86_64.jar;F:\Maven\repository\io\netty\netty-transport-classes-epoll\4.1.82.Final\netty-transport-classes-epoll-4.1.82.Final.jar;F:\Maven\repository\io\projectreactor\netty\reactor-netty-core\1.0.23\reactor-netty-core-1.0.23.jar;F:\Maven\repository\io\netty\netty-handler-proxy\4.1.82.Final\netty-handler-proxy-4.1.82.Final.jar;F:\Maven\repository\io\netty\netty-codec-socks\4.1.82.Final\netty-codec-socks-4.1.82.Final.jar;F:\Maven\repository\org\springframework\spring-web\5.3.23\spring-web-5.3.23.jar;F:\Maven\repository\org\springframework\spring-webflux\5.3.23\spring-webflux-5.3.23.jar;F:\Maven\repository\org\springframework\cloud\spring-cloud-starter-netflix-eureka-client\3.1.4\spring-cloud-starter-netflix-eureka-client-3.1.4.jar;F:\Maven\repository\org\springframework\cloud\spring-cloud-netflix-eureka-client\3.1.4\spring-cloud-netflix-eureka-client-3.1.4.jar;F:\Maven\repository\com\netflix\eureka\eureka-client\1.10.17\eureka-client-1.10.17.jar;F:\Maven\repository\com\netflix\netflix-commons\netflix-eventbus\0.3.0\netflix-eventbus-0.3.0.jar;F:\Maven\repository\com\netflix\netflix-commons\netflix-infix\0.3.0\netflix-infix-0.3.0.jar;F:\Maven\repository\commons-jxpath\commons-jxpath\1.3\commons-jxpath-1.3.jar;F:\Maven\repository\joda-time\joda-time\2.3\joda-time-2.3.jar;F:\Maven\repository\org\antlr\antlr-runtime\3.4\antlr-runtime-3.4.jar;F:\Maven\repository\org\antlr\stringtemplate\3.2.1\stringtemplate-3.2.1.jar;F:\Maven\repository\antlr\antlr\2.7.7\antlr-2.7.7.jar;F:\Maven\repository\com\google\code\gson\gson\2.9.1\gson-2.9.1.jar;F:\Maven\repository\org\apache\commons\commons-math\2.2\commons-math-2.2.jar;F:\Maven\repository\com\thoughtworks\xstream\xstream\1.4.18\xstream-1.4.18.jar;F:\Maven\repository\io\github\x-stream\mxparser\1.2.2\mxparser-1.2.2.jar;F:\Maven\repository\xmlpull\xmlpull\1.1.3.1\xmlpull-1.1.3.1.jar;F:\Maven\repository\javax\ws\rs\jsr311-api\1.1.1\jsr311-api-1.1.1.jar;F:\Maven\repository\com\netflix\servo\servo-core\0.12.21\servo-core-0.12.21.jar;F:\Maven\repository\org\apache\httpcomponents\httpclient\4.5.13\httpclient-4.5.13.jar;F:\Maven\repository\org\apache\httpcomponents\httpcore\4.4.15\httpcore-4.4.15.jar;F:\Maven\repository\commons-configuration\commons-configuration\1.10\commons-configuration-1.10.jar;F:\Maven\repository\commons-lang\commons-lang\2.6\commons-lang-2.6.jar;F:\Maven\repository\com\google\inject\guice\4.1.0\guice-4.1.0.jar;F:\Maven\repository\javax\inject\javax.inject\1\javax.inject-1.jar;F:\Maven\repository\com\fasterxml\jackson\core\jackson-annotations\2.13.4\jackson-annotations-2.13.4.jar;F:\Maven\repository\com\fasterxml\jackson\core\jackson-core\2.13.4\jackson-core-2.13.4.jar;F:\Maven\repository\org\codehaus\jettison\jettison\1.4.0\jettison-1.4.0.jar;F:\Maven\repository\com\netflix\eureka\eureka-core\1.10.17\eureka-core-1.10.17.jar;F:\Maven\repository\com\fasterxml\woodstox\woodstox-core\6.2.1\woodstox-core-6.2.1.jar;F:\Maven\repository\org\codehaus\woodstox\stax2-api\4.2.1\stax2-api-4.2.1.jar;F:\Maven\repository\org\springframework\cloud\spring-cloud-starter-loadbalancer\3.1.4\spring-cloud-starter-loadbalancer-3.1.4.jar;F:\Maven\repository\org\springframework\cloud\spring-cloud-loadbalancer\3.1.4\spring-cloud-loadbalancer-3.1.4.jar;F:\Maven\repository\org\springframework\boot\spring-boot-starter-cache\2.7.4\spring-boot-starter-cache-2.7.4.jar;F:\Maven\repository\com\stoyanr\evictor\1.0.0\evictor-1.0.0.jar;F:\Maven\repository\org\springframework\boot\spring-boot-starter-data-redis\2.7.4\spring-boot-starter-data-redis-2.7.4.jar;F:\Maven\repository\org\springframework\boot\spring-boot-starter\2.7.4\spring-boot-starter-2.7.4.jar;F:\Maven\repository\org\springframework\boot\spring-boot\2.7.4\spring-boot-2.7.4.jar;F:\Maven\repository\org\springframework\boot\spring-boot-autoconfigure\2.7.4\spring-boot-autoconfigure-2.7.4.jar;F:\Maven\repository\org\springframework\boot\spring-boot-starter-logging\2.7.4\spring-boot-starter-logging-2.7.4.jar;F:\Maven\repository\ch\qos\logback\logback-classic\1.2.11\logback-classic-1.2.11.jar;F:\Maven\repository\ch\qos\logback\logback-core\1.2.11\logback-core-1.2.11.jar;F:\Maven\repository\org\apache\logging\log4j\log4j-to-slf4j\2.17.2\log4j-to-slf4j-2.17.2.jar;F:\Maven\repository\org\apache\logging\log4j\log4j-api\2.17.2\log4j-api-2.17.2.jar;F:\Maven\repository\org\slf4j\jul-to-slf4j\1.7.36\jul-to-slf4j-1.7.36.jar;F:\Maven\repository\jakarta\annotation\jakarta.annotation-api\1.3.5\jakarta.annotation-api-1.3.5.jar;F:\Maven\repository\org\yaml\snakeyaml\1.30\snakeyaml-1.30.jar;F:\Maven\repository\org\springframework\data\spring-data-redis\2.7.3\spring-data-redis-2.7.3.jar;F:\Maven\repository\org\springframework\data\spring-data-keyvalue\2.7.3\spring-data-keyvalue-2.7.3.jar;F:\Maven\repository\org\springframework\data\spring-data-commons\2.7.3\spring-data-commons-2.7.3.jar;F:\Maven\repository\org\springframework\spring-tx\5.3.23\spring-tx-5.3.23.jar;F:\Maven\repository\org\springframework\spring-oxm\5.3.23\spring-oxm-5.3.23.jar;F:\Maven\repository\org\springframework\spring-aop\5.3.23\spring-aop-5.3.23.jar;F:\Maven\repository\org\springframework\spring-context-support\5.3.23\spring-context-support-5.3.23.jar;F:\Maven\repository\io\lettuce\lettuce-core\6.1.9.RELEASE\lettuce-core-6.1.9.RELEASE.jar;F:\Maven\repository\io\netty\netty-common\4.1.82.Final\netty-common-4.1.82.Final.jar;F:\Maven\repository\io\netty\netty-handler\4.1.82.Final\netty-handler-4.1.82.Final.jar;F:\Maven\repository\io\netty\netty-resolver\4.1.82.Final\netty-resolver-4.1.82.Final.jar;F:\Maven\repository\io\netty\netty-buffer\4.1.82.Final\netty-buffer-4.1.82.Final.jar;F:\Maven\repository\io\netty\netty-transport-native-unix-common\4.1.82.Final\netty-transport-native-unix-common-4.1.82.Final.jar;F:\Maven\repository\io\netty\netty-codec\4.1.82.Final\netty-codec-4.1.82.Final.jar;F:\Maven\repository\io\netty\netty-transport\4.1.82.Final\netty-transport-4.1.82.Final.jar;F:\Maven\repository\io\projectreactor\reactor-core\3.4.23\reactor-core-3.4.23.jar;F:\Maven\repository\org\reactivestreams\reactive-streams\1.0.4\reactive-streams-1.0.4.jar;F:\Maven\repository\com\auth0\java-jwt\3.4.1\java-jwt-3.4.1.jar;F:\Maven\repository\com\fasterxml\jackson\core\jackson-databind\2.13.4\jackson-databind-2.13.4.jar;F:\Maven\repository\commons-codec\commons-codec\1.15\commons-codec-1.15.jar;E:\我的桌面\毕业设计\zxm\libraryManage\librarySystemPatient\librarySystemCommon\target\librarySystemCommon-1.0-SNAPSHOT.jar;F:\Maven\repository\org\springframework\spring-context\5.3.23\spring-context-5.3.23.jar;F:\Maven\repository\org\springframework\spring-beans\5.3.23\spring-beans-5.3.23.jar;F:\Maven\repository\org\springframework\spring-expression\5.3.23\spring-expression-5.3.23.jar;F:\Maven\repository\com\google\zxing\core\3.3.3\core-3.3.3.jar;F:\Maven\repository\com\google\zxing\javase\3.3.0\javase-3.3.0.jar;F:\Maven\repository\com\beust\jcommander\1.48\jcommander-1.48.jar;F:\Maven\repository\com\github\jai-imageio\jai-imageio-core\1.3.1\jai-imageio-core-1.3.1.jar;F:\Maven\repository\org\apache\commons\commons-lang3\3.12.0\commons-lang3-3.12.0.jar;F:\Maven\repository\org\apache\poi\poi\4.0.1\poi-4.0.1.jar;F:\Maven\repository\org\apache\commons\commons-collections4\4.4\commons-collections4-4.4.jar;F:\Maven\repository\org\apache\commons\commons-math3\3.6.1\commons-math3-3.6.1.jar;F:\Maven\repository\org\apache\poi\poi-ooxml\4.0.1\poi-ooxml-4.0.1.jar;F:\Maven\repository\org\apache\commons\commons-compress\1.18\commons-compress-1.18.jar;F:\Maven\repository\com\github\virtuald\curvesapi\1.05\curvesapi-1.05.jar;F:\Maven\repository\org\apache\poi\poi-ooxml-schemas\4.0.1\poi-ooxml-schemas-4.0.1.jar;F:\Maven\repository\org\apache\xmlbeans\xmlbeans\3.0.2\xmlbeans-3.0.2.jar;F:\Maven\repository\cn\hutool\hutool-core\5.8.4.M1\hutool-core-5.8.4.M1.jar;C:\Program Files\JAVA\jdk1.8.0_311\lib\tools.jar;F:\Maven\repository\org\slf4j\slf4j-api\1.7.36\slf4j-api-1.7.36.jar;F:\Maven\repository\org\projectlombok\lombok\1.18.24\lombok-1.18.24.jar;F:\Maven\repository\com\baomidou\mybatis-plus-boot-starter\3.5.2\mybatis-plus-boot-starter-3.5.2.jar;F:\Maven\repository\org\springframework\boot\spring-boot-starter-jdbc\2.7.4\spring-boot-starter-jdbc-2.7.4.jar;F:\Maven\repository\com\zaxxer\HikariCP\4.0.3\HikariCP-4.0.3.jar;F:\Maven\repository\org\springframework\spring-jdbc\5.3.23\spring-jdbc-5.3.23.jar;F:\Maven\repository\com\baomidou\mybatis-plus\3.5.2\mybatis-plus-3.5.2.jar;F:\Maven\repository\com\baomidou\mybatis-plus-extension\3.5.2\mybatis-plus-extension-3.5.2.jar;F:\Maven\repository\com\baomidou\mybatis-plus-core\3.5.2\mybatis-plus-core-3.5.2.jar;F:\Maven\repository\com\baomidou\mybatis-plus-annotation\3.5.2\mybatis-plus-annotation-3.5.2.jar;F:\Maven\repository\com\github\jsqlparser\jsqlparser\4.4\jsqlparser-4.4.jar;F:\Maven\repository\org\mybatis\mybatis\3.5.10\mybatis-3.5.10.jar;F:\Maven\repository\org\mybatis\mybatis-spring\2.0.7\mybatis-spring-2.0.7.jar;F:\Maven\repository\org\jetbrains\kotlin\kotlin-stdlib-jdk8\1.6.21\kotlin-stdlib-jdk8-1.6.21.jar;F:\Maven\repository\org\jetbrains\kotlin\kotlin-stdlib\1.6.21\kotlin-stdlib-1.6.21.jar;F:\Maven\repository\org\jetbrains\kotlin\kotlin-stdlib-common\1.6.21\kotlin-stdlib-common-1.6.21.jar;F:\Maven\repository\org\jetbrains\annotations\13.0\annotations-13.0.jar;F:\Maven\repository\org\jetbrains\kotlin\kotlin-stdlib-jdk7\1.6.21\kotlin-stdlib-jdk7-1.6.21.jar;F:\Maven\repository\com\baomidou\mybatis-plus-generator\3.5.2\mybatis-plus-generator-3.5.2.jar;F:\Maven\repository\io\springfox\springfox-swagger-ui\2.8.0\springfox-swagger-ui-2.8.0.jar;F:\Maven\repository\io\springfox\springfox-spring-web\2.8.0\springfox-spring-web-2.8.0.jar;F:\Maven\repository\org\reflections\reflections\0.9.11\reflections-0.9.11.jar;F:\Maven\repository\org\javassist\javassist\3.21.0-GA\javassist-3.21.0-GA.jar;F:\Maven\repository\io\springfox\springfox-swagger2\2.8.0\springfox-swagger2-2.8.0.jar;F:\Maven\repository\io\swagger\swagger-annotations\1.5.14\swagger-annotations-1.5.14.jar;F:\Maven\repository\io\swagger\swagger-models\1.5.14\swagger-models-1.5.14.jar;F:\Maven\repository\io\springfox\springfox-spi\2.8.0\springfox-spi-2.8.0.jar;F:\Maven\repository\io\springfox\springfox-core\2.8.0\springfox-core-2.8.0.jar;F:\Maven\repository\io\springfox\springfox-schema\2.8.0\springfox-schema-2.8.0.jar;F:\Maven\repository\io\springfox\springfox-swagger-common\2.8.0\springfox-swagger-common-2.8.0.jar;F:\Maven\repository\com\google\guava\guava\20.0\guava-20.0.jar;F:\Maven\repository\com\fasterxml\classmate\1.5.1\classmate-1.5.1.jar;F:\Maven\repository\org\springframework\plugin\spring-plugin-core\1.2.0.RELEASE\spring-plugin-core-1.2.0.RELEASE.jar;F:\Maven\repository\org\springframework\plugin\spring-plugin-metadata\1.2.0.RELEASE\spring-plugin-metadata-1.2.0.RELEASE.jar;F:\Maven\repository\org\mapstruct\mapstruct\1.2.0.Final\mapstruct-1.2.0.Final.jar;F:\Maven\repository\org\springframework\boot\spring-boot-starter-validation\2.7.4\spring-boot-starter-validation-2.7.4.jar;F:\Maven\repository\org\apache\tomcat\embed\tomcat-embed-el\9.0.65\tomcat-embed-el-9.0.65.jar;F:\Maven\repository\org\hibernate\validator\hibernate-validator\6.2.5.Final\hibernate-validator-6.2.5.Final.jar;F:\Maven\repository\jakarta\validation\jakarta.validation-api\2.0.2\jakarta.validation-api-2.0.2.jar;F:\Maven\repository\org\jboss\logging\jboss-logging\3.4.3.Final\jboss-logging-3.4.3.Final.jar;F:\Maven\repository\com\alibaba\fastjson\2.0.4\fastjson-2.0.4.jar;F:\Maven\repository\com\alibaba\fastjson2\fastjson2-extension\2.0.4\fastjson2-extension-2.0.4.jar;F:\Maven\repository\com\alibaba\fastjson2\fastjson2\2.0.4\fastjson2-2.0.4.jar;F:\Maven\repository\org\json\json\20220320\json-20220320.jar;F:\Maven\repository\mysql\mysql-connector-java\8.0.30\mysql-connector-java-8.0.30.jar;F:\Maven\repository\org\springframework\boot\spring-boot-starter-test\2.7.4\spring-boot-starter-test-2.7.4.jar;F:\Maven\repository\org\springframework\boot\spring-boot-test\2.7.4\spring-boot-test-2.7.4.jar;F:\Maven\repository\org\springframework\boot\spring-boot-test-autoconfigure\2.7.4\spring-boot-test-autoconfigure-2.7.4.jar;F:\Maven\repository\com\jayway\jsonpath\json-path\2.7.0\json-path-2.7.0.jar;F:\Maven\repository\net\minidev\json-smart\2.4.8\json-smart-2.4.8.jar;F:\Maven\repository\net\minidev\accessors-smart\2.4.8\accessors-smart-2.4.8.jar;F:\Maven\repository\org\ow2\asm\asm\9.1\asm-9.1.jar;F:\Maven\repository\jakarta\xml\bind\jakarta.xml.bind-api\2.3.3\jakarta.xml.bind-api-2.3.3.jar;F:\Maven\repository\jakarta\activation\jakarta.activation-api\1.2.2\jakarta.activation-api-1.2.2.jar;F:\Maven\repository\org\assertj\assertj-core\3.22.0\assertj-core-3.22.0.jar;F:\Maven\repository\org\hamcrest\hamcrest\2.2\hamcrest-2.2.jar;F:\Maven\repository\org\junit\jupiter\junit-jupiter\5.8.2\junit-jupiter-5.8.2.jar;F:\Maven\repository\org\junit\jupiter\junit-jupiter-api\5.8.2\junit-jupiter-api-5.8.2.jar;F:\Maven\repository\org\opentest4j\opentest4j\1.2.0\opentest4j-1.2.0.jar;F:\Maven\repository\org\junit\platform\junit-platform-commons\1.8.2\junit-platform-commons-1.8.2.jar;F:\Maven\repository\org\apiguardian\apiguardian-api\1.1.2\apiguardian-api-1.1.2.jar;F:\Maven\repository\org\junit\jupiter\junit-jupiter-params\5.8.2\junit-jupiter-params-5.8.2.jar;F:\Maven\repository\org\junit\jupiter\junit-jupiter-engine\5.8.2\junit-jupiter-engine-5.8.2.jar;F:\Maven\repository\org\junit\platform\junit-platform-engine\1.8.2\junit-platform-engine-1.8.2.jar;F:\Maven\repository\org\mockito\mockito-core\4.5.1\mockito-core-4.5.1.jar;F:\Maven\repository\net\bytebuddy\byte-buddy\1.12.17\byte-buddy-1.12.17.jar;F:\Maven\repository\net\bytebuddy\byte-buddy-agent\1.12.17\byte-buddy-agent-1.12.17.jar;F:\Maven\repository\org\objenesis\objenesis\3.2\objenesis-3.2.jar;F:\Maven\repository\org\mockito\mockito-junit-jupiter\4.5.1\mockito-junit-jupiter-4.5.1.jar;F:\Maven\repository\org\skyscreamer\jsonassert\1.5.1\jsonassert-1.5.1.jar;F:\Maven\repository\com\vaadin\external\google\android-json\0.0.20131108.vaadin1\android-json-0.0.20131108.vaadin1.jar;F:\Maven\repository\org\springframework\spring-core\5.3.23\spring-core-5.3.23.jar;F:\Maven\repository\org\springframework\spring-jcl\5.3.23\spring-jcl-5.3.23.jar;F:\Maven\repository\org\springframework\spring-test\5.3.23\spring-test-5.3.23.jar;F:\Maven\repository\org\xmlunit\xmlunit-core\2.9.0\xmlunit-core-2.9.0.jar;F:\Maven\repository\org\springframework\security\spring-security-jwt\1.0.9.RELEASE\spring-security-jwt-1.0.9.RELEASE.jar;F:\Maven\repository\org\bouncycastle\bcpkix-jdk15on\1.56\bcpkix-jdk15on-1.56.jar;F:\Maven\repository\org\bouncycastle\bcprov-jdk15on\1.56\bcprov-jdk15on-1.56.jar;"/>
    <property name="java.vm.vendor" value="Oracle Corporation"/>
    <property name="sun.arch.data.model" value="64"/>
    <property name="user.variant" value=""/>
    <property name="java.vendor.url" value="http://java.oracle.com/"/>
    <property name="user.timezone" value="Asia/Shanghai"/>
    <property name="java.vm.specification.version" value="1.8"/>
    <property name="os.name" value="Windows 10"/>
    <property name="user.country" value="CN"/>
    <property name="sun.java.launcher" value="SUN_STANDARD"/>
    <property name="sun.boot.library.path" value="C:\Program Files\JAVA\jdk1.8.0_311\jre\bin"/>
    <property name="sun.java.command" value="C:\Users\86155\AppData\Local\Temp\surefire7309029775716863737\surefirebooter6404931989471533497.jar C:\Users\86155\AppData\Local\Temp\surefire7309029775716863737 2022-12-02T09-58-02_804-jvmRun1 surefire7009857015034083871tmp surefire_0833260468363582347tmp"/>
    <property name="surefire.test.class.path" value="E:\我的桌面\毕业设计\zxm\libraryManage\librarySystemPatient\api-gateway-server\target\test-classes;E:\我的桌面\毕业设计\zxm\libraryManage\librarySystemPatient\api-gateway-server\target\classes;F:\Maven\repository\org\springframework\cloud\spring-cloud-starter-gateway\3.1.4\spring-cloud-starter-gateway-3.1.4.jar;F:\Maven\repository\org\springframework\cloud\spring-cloud-starter\3.1.4\spring-cloud-starter-3.1.4.jar;F:\Maven\repository\org\springframework\cloud\spring-cloud-context\3.1.4\spring-cloud-context-3.1.4.jar;F:\Maven\repository\org\springframework\security\spring-security-crypto\5.7.3\spring-security-crypto-5.7.3.jar;F:\Maven\repository\org\springframework\cloud\spring-cloud-commons\3.1.4\spring-cloud-commons-3.1.4.jar;F:\Maven\repository\org\springframework\security\spring-security-rsa\1.0.11.RELEASE\spring-security-rsa-1.0.11.RELEASE.jar;F:\Maven\repository\org\springframework\cloud\spring-cloud-gateway-server\3.1.4\spring-cloud-gateway-server-3.1.4.jar;F:\Maven\repository\io\projectreactor\addons\reactor-extra\3.4.8\reactor-extra-3.4.8.jar;F:\Maven\repository\org\springframework\boot\spring-boot-starter-webflux\2.7.4\spring-boot-starter-webflux-2.7.4.jar;F:\Maven\repository\org\springframework\boot\spring-boot-starter-json\2.7.4\spring-boot-starter-json-2.7.4.jar;F:\Maven\repository\com\fasterxml\jackson\datatype\jackson-datatype-jdk8\2.13.4\jackson-datatype-jdk8-2.13.4.jar;F:\Maven\repository\com\fasterxml\jackson\datatype\jackson-datatype-jsr310\2.13.4\jackson-datatype-jsr310-2.13.4.jar;F:\Maven\repository\com\fasterxml\jackson\module\jackson-module-parameter-names\2.13.4\jackson-module-parameter-names-2.13.4.jar;F:\Maven\repository\org\springframework\boot\spring-boot-starter-reactor-netty\2.7.4\spring-boot-starter-reactor-netty-2.7.4.jar;F:\Maven\repository\io\projectreactor\netty\reactor-netty-http\1.0.23\reactor-netty-http-1.0.23.jar;F:\Maven\repository\io\netty\netty-codec-http\4.1.82.Final\netty-codec-http-4.1.82.Final.jar;F:\Maven\repository\io\netty\netty-codec-http2\4.1.82.Final\netty-codec-http2-4.1.82.Final.jar;F:\Maven\repository\io\netty\netty-resolver-dns\4.1.82.Final\netty-resolver-dns-4.1.82.Final.jar;F:\Maven\repository\io\netty\netty-codec-dns\4.1.82.Final\netty-codec-dns-4.1.82.Final.jar;F:\Maven\repository\io\netty\netty-resolver-dns-native-macos\4.1.82.Final\netty-resolver-dns-native-macos-4.1.82.Final-osx-x86_64.jar;F:\Maven\repository\io\netty\netty-resolver-dns-classes-macos\4.1.82.Final\netty-resolver-dns-classes-macos-4.1.82.Final.jar;F:\Maven\repository\io\netty\netty-transport-native-epoll\4.1.82.Final\netty-transport-native-epoll-4.1.82.Final-linux-x86_64.jar;F:\Maven\repository\io\netty\netty-transport-classes-epoll\4.1.82.Final\netty-transport-classes-epoll-4.1.82.Final.jar;F:\Maven\repository\io\projectreactor\netty\reactor-netty-core\1.0.23\reactor-netty-core-1.0.23.jar;F:\Maven\repository\io\netty\netty-handler-proxy\4.1.82.Final\netty-handler-proxy-4.1.82.Final.jar;F:\Maven\repository\io\netty\netty-codec-socks\4.1.82.Final\netty-codec-socks-4.1.82.Final.jar;F:\Maven\repository\org\springframework\spring-web\5.3.23\spring-web-5.3.23.jar;F:\Maven\repository\org\springframework\spring-webflux\5.3.23\spring-webflux-5.3.23.jar;F:\Maven\repository\org\springframework\cloud\spring-cloud-starter-netflix-eureka-client\3.1.4\spring-cloud-starter-netflix-eureka-client-3.1.4.jar;F:\Maven\repository\org\springframework\cloud\spring-cloud-netflix-eureka-client\3.1.4\spring-cloud-netflix-eureka-client-3.1.4.jar;F:\Maven\repository\com\netflix\eureka\eureka-client\1.10.17\eureka-client-1.10.17.jar;F:\Maven\repository\com\netflix\netflix-commons\netflix-eventbus\0.3.0\netflix-eventbus-0.3.0.jar;F:\Maven\repository\com\netflix\netflix-commons\netflix-infix\0.3.0\netflix-infix-0.3.0.jar;F:\Maven\repository\commons-jxpath\commons-jxpath\1.3\commons-jxpath-1.3.jar;F:\Maven\repository\joda-time\joda-time\2.3\joda-time-2.3.jar;F:\Maven\repository\org\antlr\antlr-runtime\3.4\antlr-runtime-3.4.jar;F:\Maven\repository\org\antlr\stringtemplate\3.2.1\stringtemplate-3.2.1.jar;F:\Maven\repository\antlr\antlr\2.7.7\antlr-2.7.7.jar;F:\Maven\repository\com\google\code\gson\gson\2.9.1\gson-2.9.1.jar;F:\Maven\repository\org\apache\commons\commons-math\2.2\commons-math-2.2.jar;F:\Maven\repository\com\thoughtworks\xstream\xstream\1.4.18\xstream-1.4.18.jar;F:\Maven\repository\io\github\x-stream\mxparser\1.2.2\mxparser-1.2.2.jar;F:\Maven\repository\xmlpull\xmlpull\1.1.3.1\xmlpull-1.1.3.1.jar;F:\Maven\repository\javax\ws\rs\jsr311-api\1.1.1\jsr311-api-1.1.1.jar;F:\Maven\repository\com\netflix\servo\servo-core\0.12.21\servo-core-0.12.21.jar;F:\Maven\repository\org\apache\httpcomponents\httpclient\4.5.13\httpclient-4.5.13.jar;F:\Maven\repository\org\apache\httpcomponents\httpcore\4.4.15\httpcore-4.4.15.jar;F:\Maven\repository\commons-configuration\commons-configuration\1.10\commons-configuration-1.10.jar;F:\Maven\repository\commons-lang\commons-lang\2.6\commons-lang-2.6.jar;F:\Maven\repository\com\google\inject\guice\4.1.0\guice-4.1.0.jar;F:\Maven\repository\javax\inject\javax.inject\1\javax.inject-1.jar;F:\Maven\repository\com\fasterxml\jackson\core\jackson-annotations\2.13.4\jackson-annotations-2.13.4.jar;F:\Maven\repository\com\fasterxml\jackson\core\jackson-core\2.13.4\jackson-core-2.13.4.jar;F:\Maven\repository\org\codehaus\jettison\jettison\1.4.0\jettison-1.4.0.jar;F:\Maven\repository\com\netflix\eureka\eureka-core\1.10.17\eureka-core-1.10.17.jar;F:\Maven\repository\com\fasterxml\woodstox\woodstox-core\6.2.1\woodstox-core-6.2.1.jar;F:\Maven\repository\org\codehaus\woodstox\stax2-api\4.2.1\stax2-api-4.2.1.jar;F:\Maven\repository\org\springframework\cloud\spring-cloud-starter-loadbalancer\3.1.4\spring-cloud-starter-loadbalancer-3.1.4.jar;F:\Maven\repository\org\springframework\cloud\spring-cloud-loadbalancer\3.1.4\spring-cloud-loadbalancer-3.1.4.jar;F:\Maven\repository\org\springframework\boot\spring-boot-starter-cache\2.7.4\spring-boot-starter-cache-2.7.4.jar;F:\Maven\repository\com\stoyanr\evictor\1.0.0\evictor-1.0.0.jar;F:\Maven\repository\org\springframework\boot\spring-boot-starter-data-redis\2.7.4\spring-boot-starter-data-redis-2.7.4.jar;F:\Maven\repository\org\springframework\boot\spring-boot-starter\2.7.4\spring-boot-starter-2.7.4.jar;F:\Maven\repository\org\springframework\boot\spring-boot\2.7.4\spring-boot-2.7.4.jar;F:\Maven\repository\org\springframework\boot\spring-boot-autoconfigure\2.7.4\spring-boot-autoconfigure-2.7.4.jar;F:\Maven\repository\org\springframework\boot\spring-boot-starter-logging\2.7.4\spring-boot-starter-logging-2.7.4.jar;F:\Maven\repository\ch\qos\logback\logback-classic\1.2.11\logback-classic-1.2.11.jar;F:\Maven\repository\ch\qos\logback\logback-core\1.2.11\logback-core-1.2.11.jar;F:\Maven\repository\org\apache\logging\log4j\log4j-to-slf4j\2.17.2\log4j-to-slf4j-2.17.2.jar;F:\Maven\repository\org\apache\logging\log4j\log4j-api\2.17.2\log4j-api-2.17.2.jar;F:\Maven\repository\org\slf4j\jul-to-slf4j\1.7.36\jul-to-slf4j-1.7.36.jar;F:\Maven\repository\jakarta\annotation\jakarta.annotation-api\1.3.5\jakarta.annotation-api-1.3.5.jar;F:\Maven\repository\org\yaml\snakeyaml\1.30\snakeyaml-1.30.jar;F:\Maven\repository\org\springframework\data\spring-data-redis\2.7.3\spring-data-redis-2.7.3.jar;F:\Maven\repository\org\springframework\data\spring-data-keyvalue\2.7.3\spring-data-keyvalue-2.7.3.jar;F:\Maven\repository\org\springframework\data\spring-data-commons\2.7.3\spring-data-commons-2.7.3.jar;F:\Maven\repository\org\springframework\spring-tx\5.3.23\spring-tx-5.3.23.jar;F:\Maven\repository\org\springframework\spring-oxm\5.3.23\spring-oxm-5.3.23.jar;F:\Maven\repository\org\springframework\spring-aop\5.3.23\spring-aop-5.3.23.jar;F:\Maven\repository\org\springframework\spring-context-support\5.3.23\spring-context-support-5.3.23.jar;F:\Maven\repository\io\lettuce\lettuce-core\6.1.9.RELEASE\lettuce-core-6.1.9.RELEASE.jar;F:\Maven\repository\io\netty\netty-common\4.1.82.Final\netty-common-4.1.82.Final.jar;F:\Maven\repository\io\netty\netty-handler\4.1.82.Final\netty-handler-4.1.82.Final.jar;F:\Maven\repository\io\netty\netty-resolver\4.1.82.Final\netty-resolver-4.1.82.Final.jar;F:\Maven\repository\io\netty\netty-buffer\4.1.82.Final\netty-buffer-4.1.82.Final.jar;F:\Maven\repository\io\netty\netty-transport-native-unix-common\4.1.82.Final\netty-transport-native-unix-common-4.1.82.Final.jar;F:\Maven\repository\io\netty\netty-codec\4.1.82.Final\netty-codec-4.1.82.Final.jar;F:\Maven\repository\io\netty\netty-transport\4.1.82.Final\netty-transport-4.1.82.Final.jar;F:\Maven\repository\io\projectreactor\reactor-core\3.4.23\reactor-core-3.4.23.jar;F:\Maven\repository\org\reactivestreams\reactive-streams\1.0.4\reactive-streams-1.0.4.jar;F:\Maven\repository\com\auth0\java-jwt\3.4.1\java-jwt-3.4.1.jar;F:\Maven\repository\com\fasterxml\jackson\core\jackson-databind\2.13.4\jackson-databind-2.13.4.jar;F:\Maven\repository\commons-codec\commons-codec\1.15\commons-codec-1.15.jar;E:\我的桌面\毕业设计\zxm\libraryManage\librarySystemPatient\librarySystemCommon\target\librarySystemCommon-1.0-SNAPSHOT.jar;F:\Maven\repository\org\springframework\spring-context\5.3.23\spring-context-5.3.23.jar;F:\Maven\repository\org\springframework\spring-beans\5.3.23\spring-beans-5.3.23.jar;F:\Maven\repository\org\springframework\spring-expression\5.3.23\spring-expression-5.3.23.jar;F:\Maven\repository\com\google\zxing\core\3.3.3\core-3.3.3.jar;F:\Maven\repository\com\google\zxing\javase\3.3.0\javase-3.3.0.jar;F:\Maven\repository\com\beust\jcommander\1.48\jcommander-1.48.jar;F:\Maven\repository\com\github\jai-imageio\jai-imageio-core\1.3.1\jai-imageio-core-1.3.1.jar;F:\Maven\repository\org\apache\commons\commons-lang3\3.12.0\commons-lang3-3.12.0.jar;F:\Maven\repository\org\apache\poi\poi\4.0.1\poi-4.0.1.jar;F:\Maven\repository\org\apache\commons\commons-collections4\4.4\commons-collections4-4.4.jar;F:\Maven\repository\org\apache\commons\commons-math3\3.6.1\commons-math3-3.6.1.jar;F:\Maven\repository\org\apache\poi\poi-ooxml\4.0.1\poi-ooxml-4.0.1.jar;F:\Maven\repository\org\apache\commons\commons-compress\1.18\commons-compress-1.18.jar;F:\Maven\repository\com\github\virtuald\curvesapi\1.05\curvesapi-1.05.jar;F:\Maven\repository\org\apache\poi\poi-ooxml-schemas\4.0.1\poi-ooxml-schemas-4.0.1.jar;F:\Maven\repository\org\apache\xmlbeans\xmlbeans\3.0.2\xmlbeans-3.0.2.jar;F:\Maven\repository\cn\hutool\hutool-core\5.8.4.M1\hutool-core-5.8.4.M1.jar;C:\Program Files\JAVA\jdk1.8.0_311\lib\tools.jar;F:\Maven\repository\org\slf4j\slf4j-api\1.7.36\slf4j-api-1.7.36.jar;F:\Maven\repository\org\projectlombok\lombok\1.18.24\lombok-1.18.24.jar;F:\Maven\repository\com\baomidou\mybatis-plus-boot-starter\3.5.2\mybatis-plus-boot-starter-3.5.2.jar;F:\Maven\repository\org\springframework\boot\spring-boot-starter-jdbc\2.7.4\spring-boot-starter-jdbc-2.7.4.jar;F:\Maven\repository\com\zaxxer\HikariCP\4.0.3\HikariCP-4.0.3.jar;F:\Maven\repository\org\springframework\spring-jdbc\5.3.23\spring-jdbc-5.3.23.jar;F:\Maven\repository\com\baomidou\mybatis-plus\3.5.2\mybatis-plus-3.5.2.jar;F:\Maven\repository\com\baomidou\mybatis-plus-extension\3.5.2\mybatis-plus-extension-3.5.2.jar;F:\Maven\repository\com\baomidou\mybatis-plus-core\3.5.2\mybatis-plus-core-3.5.2.jar;F:\Maven\repository\com\baomidou\mybatis-plus-annotation\3.5.2\mybatis-plus-annotation-3.5.2.jar;F:\Maven\repository\com\github\jsqlparser\jsqlparser\4.4\jsqlparser-4.4.jar;F:\Maven\repository\org\mybatis\mybatis\3.5.10\mybatis-3.5.10.jar;F:\Maven\repository\org\mybatis\mybatis-spring\2.0.7\mybatis-spring-2.0.7.jar;F:\Maven\repository\org\jetbrains\kotlin\kotlin-stdlib-jdk8\1.6.21\kotlin-stdlib-jdk8-1.6.21.jar;F:\Maven\repository\org\jetbrains\kotlin\kotlin-stdlib\1.6.21\kotlin-stdlib-1.6.21.jar;F:\Maven\repository\org\jetbrains\kotlin\kotlin-stdlib-common\1.6.21\kotlin-stdlib-common-1.6.21.jar;F:\Maven\repository\org\jetbrains\annotations\13.0\annotations-13.0.jar;F:\Maven\repository\org\jetbrains\kotlin\kotlin-stdlib-jdk7\1.6.21\kotlin-stdlib-jdk7-1.6.21.jar;F:\Maven\repository\com\baomidou\mybatis-plus-generator\3.5.2\mybatis-plus-generator-3.5.2.jar;F:\Maven\repository\io\springfox\springfox-swagger-ui\2.8.0\springfox-swagger-ui-2.8.0.jar;F:\Maven\repository\io\springfox\springfox-spring-web\2.8.0\springfox-spring-web-2.8.0.jar;F:\Maven\repository\org\reflections\reflections\0.9.11\reflections-0.9.11.jar;F:\Maven\repository\org\javassist\javassist\3.21.0-GA\javassist-3.21.0-GA.jar;F:\Maven\repository\io\springfox\springfox-swagger2\2.8.0\springfox-swagger2-2.8.0.jar;F:\Maven\repository\io\swagger\swagger-annotations\1.5.14\swagger-annotations-1.5.14.jar;F:\Maven\repository\io\swagger\swagger-models\1.5.14\swagger-models-1.5.14.jar;F:\Maven\repository\io\springfox\springfox-spi\2.8.0\springfox-spi-2.8.0.jar;F:\Maven\repository\io\springfox\springfox-core\2.8.0\springfox-core-2.8.0.jar;F:\Maven\repository\io\springfox\springfox-schema\2.8.0\springfox-schema-2.8.0.jar;F:\Maven\repository\io\springfox\springfox-swagger-common\2.8.0\springfox-swagger-common-2.8.0.jar;F:\Maven\repository\com\google\guava\guava\20.0\guava-20.0.jar;F:\Maven\repository\com\fasterxml\classmate\1.5.1\classmate-1.5.1.jar;F:\Maven\repository\org\springframework\plugin\spring-plugin-core\1.2.0.RELEASE\spring-plugin-core-1.2.0.RELEASE.jar;F:\Maven\repository\org\springframework\plugin\spring-plugin-metadata\1.2.0.RELEASE\spring-plugin-metadata-1.2.0.RELEASE.jar;F:\Maven\repository\org\mapstruct\mapstruct\1.2.0.Final\mapstruct-1.2.0.Final.jar;F:\Maven\repository\org\springframework\boot\spring-boot-starter-validation\2.7.4\spring-boot-starter-validation-2.7.4.jar;F:\Maven\repository\org\apache\tomcat\embed\tomcat-embed-el\9.0.65\tomcat-embed-el-9.0.65.jar;F:\Maven\repository\org\hibernate\validator\hibernate-validator\6.2.5.Final\hibernate-validator-6.2.5.Final.jar;F:\Maven\repository\jakarta\validation\jakarta.validation-api\2.0.2\jakarta.validation-api-2.0.2.jar;F:\Maven\repository\org\jboss\logging\jboss-logging\3.4.3.Final\jboss-logging-3.4.3.Final.jar;F:\Maven\repository\com\alibaba\fastjson\2.0.4\fastjson-2.0.4.jar;F:\Maven\repository\com\alibaba\fastjson2\fastjson2-extension\2.0.4\fastjson2-extension-2.0.4.jar;F:\Maven\repository\com\alibaba\fastjson2\fastjson2\2.0.4\fastjson2-2.0.4.jar;F:\Maven\repository\org\json\json\20220320\json-20220320.jar;F:\Maven\repository\mysql\mysql-connector-java\8.0.30\mysql-connector-java-8.0.30.jar;F:\Maven\repository\org\springframework\boot\spring-boot-starter-test\2.7.4\spring-boot-starter-test-2.7.4.jar;F:\Maven\repository\org\springframework\boot\spring-boot-test\2.7.4\spring-boot-test-2.7.4.jar;F:\Maven\repository\org\springframework\boot\spring-boot-test-autoconfigure\2.7.4\spring-boot-test-autoconfigure-2.7.4.jar;F:\Maven\repository\com\jayway\jsonpath\json-path\2.7.0\json-path-2.7.0.jar;F:\Maven\repository\net\minidev\json-smart\2.4.8\json-smart-2.4.8.jar;F:\Maven\repository\net\minidev\accessors-smart\2.4.8\accessors-smart-2.4.8.jar;F:\Maven\repository\org\ow2\asm\asm\9.1\asm-9.1.jar;F:\Maven\repository\jakarta\xml\bind\jakarta.xml.bind-api\2.3.3\jakarta.xml.bind-api-2.3.3.jar;F:\Maven\repository\jakarta\activation\jakarta.activation-api\1.2.2\jakarta.activation-api-1.2.2.jar;F:\Maven\repository\org\assertj\assertj-core\3.22.0\assertj-core-3.22.0.jar;F:\Maven\repository\org\hamcrest\hamcrest\2.2\hamcrest-2.2.jar;F:\Maven\repository\org\junit\jupiter\junit-jupiter\5.8.2\junit-jupiter-5.8.2.jar;F:\Maven\repository\org\junit\jupiter\junit-jupiter-api\5.8.2\junit-jupiter-api-5.8.2.jar;F:\Maven\repository\org\opentest4j\opentest4j\1.2.0\opentest4j-1.2.0.jar;F:\Maven\repository\org\junit\platform\junit-platform-commons\1.8.2\junit-platform-commons-1.8.2.jar;F:\Maven\repository\org\apiguardian\apiguardian-api\1.1.2\apiguardian-api-1.1.2.jar;F:\Maven\repository\org\junit\jupiter\junit-jupiter-params\5.8.2\junit-jupiter-params-5.8.2.jar;F:\Maven\repository\org\junit\jupiter\junit-jupiter-engine\5.8.2\junit-jupiter-engine-5.8.2.jar;F:\Maven\repository\org\junit\platform\junit-platform-engine\1.8.2\junit-platform-engine-1.8.2.jar;F:\Maven\repository\org\mockito\mockito-core\4.5.1\mockito-core-4.5.1.jar;F:\Maven\repository\net\bytebuddy\byte-buddy\1.12.17\byte-buddy-1.12.17.jar;F:\Maven\repository\net\bytebuddy\byte-buddy-agent\1.12.17\byte-buddy-agent-1.12.17.jar;F:\Maven\repository\org\objenesis\objenesis\3.2\objenesis-3.2.jar;F:\Maven\repository\org\mockito\mockito-junit-jupiter\4.5.1\mockito-junit-jupiter-4.5.1.jar;F:\Maven\repository\org\skyscreamer\jsonassert\1.5.1\jsonassert-1.5.1.jar;F:\Maven\repository\com\vaadin\external\google\android-json\0.0.20131108.vaadin1\android-json-0.0.20131108.vaadin1.jar;F:\Maven\repository\org\springframework\spring-core\5.3.23\spring-core-5.3.23.jar;F:\Maven\repository\org\springframework\spring-jcl\5.3.23\spring-jcl-5.3.23.jar;F:\Maven\repository\org\springframework\spring-test\5.3.23\spring-test-5.3.23.jar;F:\Maven\repository\org\xmlunit\xmlunit-core\2.9.0\xmlunit-core-2.9.0.jar;F:\Maven\repository\org\springframework\security\spring-security-jwt\1.0.9.RELEASE\spring-security-jwt-1.0.9.RELEASE.jar;F:\Maven\repository\org\bouncycastle\bcpkix-jdk15on\1.56\bcpkix-jdk15on-1.56.jar;F:\Maven\repository\org\bouncycastle\bcprov-jdk15on\1.56\bcprov-jdk15on-1.56.jar;"/>
    <property name="sun.cpu.endian" value="little"/>
    <property name="user.home" value="C:\Users\86155"/>
    <property name="user.language" value="zh"/>
    <property name="java.specification.vendor" value="Oracle Corporation"/>
    <property name="java.home" value="C:\Program Files\JAVA\jdk1.8.0_311\jre"/>
    <property name="basedir" value="E:\我的桌面\毕业设计\zxm\libraryManage\librarySystemPatient\api-gateway-server"/>
    <property name="file.separator" value="\"/>
    <property name="line.separator" value="&#10;"/>
    <property name="java.vm.specification.vendor" value="Oracle Corporation"/>
    <property name="java.specification.name" value="Java Platform API Specification"/>
    <property name="java.awt.graphicsenv" value="sun.awt.Win32GraphicsEnvironment"/>
    <property name="surefire.real.class.path" value="C:\Users\86155\AppData\Local\Temp\surefire7309029775716863737\surefirebooter6404931989471533497.jar"/>
    <property name="sun.boot.class.path" value="C:\Program Files\JAVA\jdk1.8.0_311\jre\lib\resources.jar;C:\Program Files\JAVA\jdk1.8.0_311\jre\lib\rt.jar;C:\Program Files\JAVA\jdk1.8.0_311\jre\lib\sunrsasign.jar;C:\Program Files\JAVA\jdk1.8.0_311\jre\lib\jsse.jar;C:\Program Files\JAVA\jdk1.8.0_311\jre\lib\jce.jar;C:\Program Files\JAVA\jdk1.8.0_311\jre\lib\charsets.jar;C:\Program Files\JAVA\jdk1.8.0_311\jre\lib\jfr.jar;C:\Program Files\JAVA\jdk1.8.0_311\jre\classes"/>
    <property name="user.script" value=""/>
    <property name="sun.management.compiler" value="HotSpot 64-Bit Tiered Compilers"/>
    <property name="java.runtime.version" value="1.8.0_311-b11"/>
    <property name="user.name" value="86155"/>
    <property name="path.separator" value=";"/>
    <property name="os.version" value="10.0"/>
    <property name="java.endorsed.dirs" value="C:\Program Files\JAVA\jdk1.8.0_311\jre\lib\endorsed"/>
    <property name="java.runtime.name" value="Java(TM) SE Runtime Environment"/>
    <property name="file.encoding" value="GBK"/>
    <property name="java.vm.name" value="Java HotSpot(TM) 64-Bit Server VM"/>
    <property name="localRepository" value="F:\Maven\repository"/>
    <property name="java.vendor.url.bug" value="http://bugreport.sun.com/bugreport/"/>
    <property name="java.io.tmpdir" value="C:\Users\86155\AppData\Local\Temp\"/>
    <property name="idea.version" value="2022.2"/>
    <property name="java.version" value="1.8.0_311"/>
    <property name="user.dir" value="E:\我的桌面\毕业设计\zxm\libraryManage\librarySystemPatient\api-gateway-server"/>
    <property name="os.arch" value="amd64"/>
    <property name="java.vm.specification.name" value="Java Virtual Machine Specification"/>
    <property name="java.awt.printerjob" value="sun.awt.windows.WPrinterJob"/>
    <property name="sun.os.patch.level" value=""/>
    <property name="java.library.path" value="C:\Program Files\JAVA\jdk1.8.0_311\jre\bin;C:\WINDOWS\Sun\Java\bin;C:\WINDOWS\system32;C:\WINDOWS;C:\WINDOWS\system32\WBEM;C:\WINDOWS\system32\WBEM;C:\WINDOWS\system32\WBEM;C:\WINDOWS\system32\WBEM;C:\WINDOWS\system32\WBEM;C:\Program Files (x86)\Common Files\Oracle\Java\javapath;C:\Program Files\Python36\Scripts\;C:\Program Files\Python36\;C:\Program Files (x86)\Python37-32\Scripts\;C:\Program Files (x86)\Python37-32\;D:\;en\facedemo3\opencv\build\x64\vc14\bin;C:\Program Files\Java\jdk-13.0.1\bin;C:\Program Files\Java\apache-maven-3.6.3\bin;C:\Program Files\NVIDIA Corporation\NVIDIA NvDLISR;C:\WINDOWS\system32;C:\WINDOWS;C:\WINDOWS\System32\Wbem;C:\WINDOWS\System32\WindowsPowerShell\v1.0\;C:\WINDOWS\System32\OpenSSH\;C:\Program Files\Microsoft SQL Server\Client SDK\ODBC\170\Tools\Binn\;F:\apache-maven-3.8.5\bin;C:\Program Files\dotnet\;D:\我的软件\GtkSharp\bin;D:\我的软件\git\Git\cmd;C:\Windows\System32;C:\Program Files\Java\jdk-13.0.1;D:\我的软件\PhpStorm\PhpStorm 2020.1.4\bin;C:\Users\86155\AppData\Local\Microsoft\WindowsApps;C:\Program Files\Azure Data Studio\bin;D:\我的软件\webstorm\WebStorm 2021.2.1\bin;C:\Users\86155\.dotnet\tools;D:\ren\opensore\opencv\build\x64\vc12\bin;C:\Users\86155\AppData\Roaming\Microsoft\Windows\Start Menu\Programs\Python 3.8;D:\我的软件\VSCode\Microsoft VS Code\bin;D:\我的软件\pycharm\PyCharm 2021.2.2\bin;D:\我的软件\idea\IntelliJ IDEA 2021.2.2\bin;C:\Program Files (x86)\NVIDIA Corporation\PhysX\Common;C:\WINDOWS\system32;C:\WINDOWS;C:\WINDOWS\System32\Wbem;C:\WINDOWS\System32\WindowsPowerShell\v1.0\;C:\WINDOWS\System32\OpenSSH\;D:\我的软件\tortoisegit\bin;C:\Program Files\TortoiseSVN\bin;D:\我的软件\nodejs\;D:\Redis-x64-3.2.100\;F:\java_software\MongoDB\Server\5.0\bin;D:\我的软件\PowerShell\7\;F:\java_software\lua\5.1;F:\java_software\lua\5.1\clibs;D:\我的软件\OpenSSL-Win64\OpenSSL-Win64\bin;D:\我的软件\platform-tools_r33.0.3-windows\platform-tools;C:\Windows\System32;F:\apache-maven-3.8.5\bin;C:\Program Files\Java\jdk-13.0.1;D:\我的软件\PhpStorm\PhpStorm 2020.1.4\bin;;C:\Users\86155\AppData\Local\Microsoft\WindowsApps;C:\Program Files\Azure Data Studio\bin;D:\我的软件\webstorm\WebStorm 2022.1.2\bin;;C:\Users\86155\.dotnet\tools;D:\ren\opensore\opencv\build\x64\vc12\bin;C:\Users\86155\AppData\Roaming\Microsoft\Windows\Start Menu\Programs\Python 3.8;D:\我的软件\VSCode\Microsoft VS Code\bin;D:\我的软件\pycharm\PyCharm 2021.2.2\bin;;D:\我的软件\idea\IntelliJ IDEA 2021.2.2\bin;;C:\Users\86155\AppData\Roaming\npm;F:\apache-maven-3.8.5\bin;D:\我的软件\DataGrip\DataGrip 2022.1.2\bin;;D:\我的软件\OpenSSL-Win64\OpenSSL-Win64\bin;;."/>
    <property name="java.vm.info" value="mixed mode"/>
    <property name="java.vendor" value="Oracle Corporation"/>
    <property name="java.vm.version" value="25.311-b11"/>
    <property name="java.ext.dirs" value="C:\Program Files\JAVA\jdk1.8.0_311\jre\lib\ext;C:\WINDOWS\Sun\Java\lib\ext"/>
    <property name="sun.io.unicode.encoding" value="UnicodeLittle"/>
    <property name="java.class.version" value="52.0"/>
  </properties>
  <testcase name="createJWT" classname="sale.ljw.CreateJWTTest" time="1.45"/>
  <testcase name="parseJwt" classname="sale.ljw.CreateJWTTest" time="0.017"/>
</testsuite>